<?xml version="1.0" encoding="UTF-8"?>
<!-- Generated by org.testng.reporters.JUnitReportReporter -->
<testsuite hostname="DESKTOP-N1NG7JA" failures="0" tests="1" name="com.Amazon.AmazonHomePage" time="24.406" errors="0" timestamp="2024-02-14T16:49:21 IST" skipped="0">
  <testcase classname="com.Amazon.AmazonHomePage" name="homepage" time="24.406"/>
  <system-out/>
</testsuite> <!-- com.Amazon.AmazonHomePage -->
