<?xml version="1.0" encoding="UTF-8"?>
<!-- Generated by org.testng.reporters.JUnitReportReporter -->
<testsuite hostname="DESKTOP-N1NG7JA" failures="0" tests="3" name="com.crossbrowsing.CrossBrowseTest" time="7.998" errors="0" timestamp="2024-04-12T21:46:17 IST" skipped="0">
  <testcase classname="com.crossbrowsing.CrossBrowseTest" name="browserest" time="2.585"/>
  <system-out/>
  <testcase classname="com.crossbrowsing.CrossBrowseTest" name="browserest" time="2.391"/>
  <system-out/>
  <testcase classname="com.crossbrowsing.CrossBrowseTest" name="browserest" time="3.022"/>
  <system-out/>
</testsuite> <!-- com.crossbrowsing.CrossBrowseTest -->
