<?xml version="1.0" encoding="UTF-8"?>
<!-- Generated by org.testng.reporters.JUnitReportReporter -->
<testsuite hostname="DESKTOP-N1NG7JA" failures="0" tests="3" name="com.crossbrowsing.CrossBrowseTest" time="7.493" errors="0" timestamp="2024-04-12T20:51:49 IST" skipped="0">
  <testcase classname="com.crossbrowsing.CrossBrowseTest" name="browserest" time="2.351"/>
  <system-out/>
  <testcase classname="com.crossbrowsing.CrossBrowseTest" name="browserest" time="3.100"/>
  <system-out/>
  <testcase classname="com.crossbrowsing.CrossBrowseTest" name="browserest" time="2.042"/>
  <system-out/>
</testsuite> <!-- com.crossbrowsing.CrossBrowseTest -->
